
id 173 170
id 184 170
id 186 170
id 198 170
id 198 173
id 170 166
mf 170 166
ip 180 166
ndn 180 166
id 165 166
ip 165 178
ndn 165 178
id 165 178
mf 165 178
ndn 165 178
id 165 178
ip 165 178
mf 165 178
ip 165 178
id 165 178
id 165 178
id 165 178
ip 165 178
id 165 178
id 167 175
id 166 178
ndn 166 178
id 168 177
id 168 177
id 169 177
id 165 177
id 173 166
ndn 173 166
ndn 173 166
mf 173 166
ip 173 166
ip 173 166
ip 173 166
ip 173 166
ip 173 165
id 173 166
ndn 173 166
mf 173 166
ndn 190 187
ndn 164 165
ndn 164 165
flexip 164 165
flexip 189 165
flexip 189 165
flexip 189 165
flexip 192 165
flexip 177 165
flexip 198 165
flexip 180 172
flexip 180 172
flexip 174 172
ip 174 172
id 174 172
geo 164 175
ndn 180 170
flexip 180 170
ip 180 170
geo 180 170
id 180 170
mf 180 170
NDN 175 170
ID 175 170
geo 175 170
flexip 175 170
ndn 175 170
mf 175 170
ipv4 175 170
ipv4 185 174
id 185 174
id 185 174
ndn 185 174
geo 185 174
flexip 185 174
mf 185 174
id 185 174
flexip 185 174
mf 185 174
geo 185 174
ndn 185 174
ipv4 185 174
ipv4 184 174
flexip 184 174
flexip 184 180
id 184 180
mf 184 180
ndn 184 180
geo 184 180
ipv4 184 180
ndn 184 180
flexip 184 180
id 184 180
geo 184 180
mf 184 180
mf 169 180
mf 175 180
geo 175 180
ndn 175 180
flexip 175 180
id 175 180
ipv4 175 180
id 225 204
id 225 204
id 225 204
id 225 204
id 225 204
mf 225 204
ipv4 -202 -200
ipv4 -202 -200
ipv4 -202 -200
ipv4 -202 -200
ipv4 -202 -200
ipv4 -202 -200
ipv4 -202 -200
ipv4 -202 -200
ipv4 -202 -200
ipv4 -202 -200
ipv4 -202 -201
ipv4 -202 -201
ipv4 -202 -201
ipv4 -202 -201
ipv4 -202 -201
ipv4 -202 -201
ipv4 -202 -201
ipv4 -202 -201
ipv4 -202 -201
ipv4 -202 -201
id 200 400
id 200 400
id 200 400
id 200 400
geo 200 400
ipv4 -202 48
ipv4 -202 48
ipv4 -202 48
ipv4 -202 48
ipv4 -202 48
ipv4 -202 48
ipv4 -202 48
ipv4 -202 48
ipv4 -202 48
ipv4 -202 48
ipv4 -202 48
ipv4 -202 48
ipv4 -202 48
ipv4 -202 48
ipv4 -202 48
ipv4 -202 48
ipv4 -202 48
ipv4 -202 48
ipv4 -202 48
ipv4 -202 48
ipv4 -202 48
ipv4 -202 48
ipv4 -202 48
ipv4 -202 48
ipv4 -202 48
ipv4 -202 48
ipv4 -202 48
ipv4 -202 48
ipv4 -202 48
ipv4 -202 48
ipv4 -202 48
ipv4 -202 48
ipv4 -202 48
ipv4 -202 48
ipv4 -202 48
ipv4 -202 48
ipv4 -202 48
ipv4 -202 48
ipv4 -202 48
ipv4 -202 48
ipv4 -202 48
ipv4 -202 48
ipv4 -202 48
ipv4 -202 48
ipv4 -202 48
ipv4 -202 48
ipv4 -202 48
ipv4 -202 48
ipv4 -202 48
ipv4 -202 48
ipv4 -202 48
ipv4 -202 48
ipv4 -202 48
ipv4 -202 48
ipv4 -202 48
ipv4 -202 48
ipv4 -202 48
ipv4 -202 48
ipv4 -202 48
ipv4 -202 48
ipv4 -202 48
ipv4 -202 48
ipv4 -202 48
ipv4 -202 48
ipv4 -202 48
ipv4 -202 48
ipv4 -202 48
ipv4 -202 48
ipv4 -202 48
ipv4 -202 48
ipv4 -202 48
ipv4 -202 48
ipv4 -202 48
ipv4 -202 48
ipv4 -202 48
ipv4 -202 48
ipv4 -202 48
ipv4 -202 48
ipv4 -202 48
ipv4 -202 48
ipv4 -202 48
ipv4 -202 48
ipv4 -202 48
ipv4 -202 48
ipv4 -202 48
ipv4 -202 48
ipv4 -202 48
ipv4 -202 48
ipv4 -202 48
ipv4 -202 48
ipv4 -202 48
ipv4 -202 48
ipv4 -202 48
ipv4 -202 48
ipv4 -202 48
ipv4 -202 48
ipv4 -202 48
ipv4 -202 48
ipv4 -202 48
ipv4 -202 48
ipv4 -202 48
ipv4 -202 48
ipv4 -202 48
ipv4 -202 48
ipv4 -202 48
ipv4 -202 48
ipv4 -202 48
ipv4 -202 48
ipv4 -202 48
ipv4 -202 48
ipv4 -202 48
ipv4 -202 48
ipv4 -202 48
ipv4 -202 48
ipv4 -202 48
ipv4 -202 48
ipv4 -202 48
ipv4 -202 48
ipv4 -202 48
ipv4 -202 48
ipv4 -202 48
ipv4 -202 48
ipv4 -202 48
ipv4 -202 48
ipv4 -202 48
ipv4 -202 48
ipv4 -202 48
ipv4 -202 48
ipv4 -202 48
ipv4 -202 48
ipv4 -202 48
ipv4 -202 48
ipv4 -202 48
ipv4 -202 48
ipv4 -202 48
ipv4 -202 48
ipv4 -202 48
ipv4 -202 48
ipv4 -202 48
ipv4 -202 48
ipv4 -202 48
ipv4 -202 48
ipv4 -202 48
ipv4 -202 48
ipv4 -202 48
ipv4 -202 48
ipv4 -202 48
ipv4 -202 48
ipv4 -202 48
ipv4 -202 48
ipv4 -202 48
ipv4 -202 48
ipv4 -202 48
ipv4 -202 48
ipv4 -202 48
ipv4 -202 48
ipv4 -202 48
ipv4 -202 48
ipv4 -202 48
ipv4 -202 48
ipv4 -202 48
ipv4 -202 48
ipv4 -202 48
ipv4 -202 48
ipv4 -202 48
ipv4 -202 48
ipv4 -202 48
ipv4 -202 48
ipv4 -202 48
ipv4 -202 48
ipv4 -202 48
ipv4 -202 48
ipv4 -202 48
ipv4 -202 48
ipv4 -202 48
ipv4 -202 48
id 510 129
id 510 129
id 255 129
id 255 129
ipv4 200 250
ipv4 200 250
ipv4 200 250
ipv4 200 250
ipv4 200 250
ipv4 200 250
ipv4 200 250
id 200 250
id 200 250
ndn 200 250
ndn 200 250
geo 200 250
mf 200 250
mf 200 250
flexip 355 250
flexip 355 250
id 200 164
mf 200 164
geo 200 164
ndn 200 164
ipv4 200 164
ndn 201 164
flexip 200 164
flexip 205 164
flexip 148 164
flexip 244 164
flexip 250 164
flexip 250 164
flexip 128 164