sniffing on h170-eth0
got an FlexIP packet
###[ Ethernet ]### 
  dst       = ff:ff:ff:ff:ff:ff
  src       = 00:00:00:00:00:00
  type      = 0x3690
###[ Raw ]### 
     load      = '\t\x15\\x80(\x00\x00\x00\x00\x00\\xf6\\xf2\x00\x04\x00\x00\x05\\xf5\\xe1\x1a\\xf4\x00\x00\x00\x00\x00\x00\x01\x00\x00\x00\x00\x00\x00\x00\x00\x00\x00\x00\x00\x00\x00\x00\x00\x00\x00\x00\x00\x17Hv\\xe8\x1a\x00\x00\x00\x00\x00\x00\x00\x00\x00\x00\x00\x00\x00\x00\x00\x00\x00\x00\x00\x00\x00\x00\x00\x00\x00\x00\x00\x00\x00\x00\x00\x00\x00\x00\x00\x00\x00\x00\x00\x00\x00\x00\x00\\xf1\x0c\x0f\\xf2\\x8e'

------------------------------------



got an NDN packet
###[ Ethernet ]### 
  dst       = ff:ff:ff:ff:ff:ff
  src       = 00:00:00:00:00:00
  type      = 0x8624
###[ Raw ]### 
     load      = '\x06\\xfd\x00 \x08\x0c\x08\x04\x0c\x0f\\xf2\\xa2\x08\\x84\x0c\x0f\\xf2\\x8e\x1e\x00\x18\x02\x00\x00\x19\x02\x00\x00\x1b\x02\x00\x00\x1a\x02\x08~'

------------------------------------



got an NDN packet
###[ Ethernet ]### 
  dst       = ff:ff:ff:ff:ff:ff
  src       = 00:00:00:00:00:00
  type      = 0x8624
###[ Raw ]### 
     load      = '\x06\\xfd\x00 \x08\x0c\x08\x04\x0c\x0f\\xf2\\x98\x08\\x84\x0c\x0f\\xf2\\x8e\x1e\x00\x18\x02\x00\x00\x19\x02\x00\x00\x1b\x02\x00\x00\x1a\x02\x08t'

------------------------------------



got an FlexIP packet
###[ Ethernet ]### 
  dst       = ff:ff:ff:ff:ff:ff
  src       = 00:00:00:00:00:00
  type      = 0x3690
###[ Raw ]### 
     load      = '\x05\x10\\x80(\x00\x00\x00\x00\x00\x00\x00\x00\x00\x00\x00\x00\x00\x00\x00\\xf4\x00\x00\x00\x00\x00\x00\x01\x00\x00\x00\x00\x00\x00\x00\x00\x00\x00\x00\x00\x00\x00\x00\x00\x00\x00\x00\x00\x17Hv\\xe8\x10\x00\x00\x00\x00\x00\x00\x00\x00\x00\x00\x00\x00\x00\x00\x00\x00\x00\x00\x00\x00\x00\x00\x00\x00\x00\x00\x00\x00\x00\x00\x00\x00\x00\x00\x00\x00\x00\x00\x00\x00\x00\x00\x00\\xf1\x0c\x0f\\xf2\\x8e'

------------------------------------



got an IP packet
###[ Ethernet ]### 
  dst       = ff:ff:ff:ff:ff:ff
  src       = 00:00:00:00:02:50
  type      = IPv4
###[ IP ]### 
     version   = 4
     ihl       = 5
     tos       = 0x0
     len       = 40
     id        = 1
     flags     = 
     frag      = 0
     ttl       = 64
     proto     = tcp
     chksum    = 0x1e79
     src       = 172.20.2.28
     dst       = 172.20.2.18
     \options   \
###[ TCP ]### 
        sport     = 49152
        dport     = 1234
        seq       = 0
        ack       = 0
        dataofs   = 5
        reserved  = 0
        flags     = S
        window    = 8192
        chksum    = 0x6eb9
        urgptr    = 0
        options   = ''

------------------------------------



got an GEO packet
###[ Ethernet ]### 
  dst       = ff:ff:ff:ff:ff:ff
  src       = 00:00:00:00:00:00
  type      = 0x8947
###[ Raw ]### 
     load      = '\x00\x00\x00\x00\x00@\x00\x00\x00\x00\x00\x00\x00\x00\x00\x00\x00\x00\x00\x00\x00\x00\x00\x00\x00\x00\x00\x00\x00\x00\x00\x00\x00\x00\x00\x00\x00\x00\x00\x00\x00\x00\x00\x07@N\\xcc\\xcc\x00\x00\x00\x00\x00\x00\x00\x00'

------------------------------------



got an ID packet
###[ Ethernet ]### 
  dst       = ff:ff:ff:ff:ff:ff
  src       = 00:00:00:00:00:00
  type      = 0x812
###[ Raw ]### 
     load      = '\x0c\x0f\\xf2\\x98\x0c\x0f\\xf2\\x8e'

------------------------------------



got an MF packet
###[ Ethernet ]### 
  dst       = ff:ff:ff:ff:ff:ff
  src       = 00:00:00:00:00:00
  type      = 0x27c0
###[ Raw ]### 
     load      = '\x00\x00\x00\x01\x00\x00\x00u\x00\x00\x00k'

------------------------------------



